<?xml version="1.0" encoding="UTF-8"?>
<!-- Generated by org.testng.reporters.JUnitXMLReporter -->
<testsuite ignored="0" hostname="DESKTOP-3E3NB32" failures="0" tests="3" name="Test1" time="0.063" errors="0" timestamp="2022-11-04T12:44:32 IST">
  <testcase classname="com.qa.selenium1.Testngframework.Paralleltest1" name="test2" time="0.012"/>
  <testcase classname="com.qa.selenium1.Testngframework.Paralleltest1" name="test1" time="0.013"/>
  <testcase classname="com.qa.selenium1.Testngframework.Paralleltest1" name="test3" time="0.003"/>
</testsuite> <!-- Test1 -->
