<?xml version="1.0" encoding="UTF-8"?>
<testng-results ignored="0" total="1" passed="1" failed="0" skipped="0">
  <reporter-output>
  </reporter-output>
  <suite started-at="2022-11-11T14:30:01 IST" name="Default suite" finished-at="2022-11-11T14:30:08 IST" duration-ms="7512">
    <groups>
    </groups>
    <test started-at="2022-11-11T14:30:01 IST" name="Default test" finished-at="2022-11-11T14:30:08 IST" duration-ms="7512">
      <class name="com.qa.selenium1.Testngframework.PaginationFlipkartMobiles">
        <test-method signature="pagination()[pri:0, instance:com.qa.selenium1.Testngframework.PaginationFlipkartMobiles@36916eb0]" started-at="2022-11-11T14:30:01 IST" name="pagination" finished-at="2022-11-11T14:30:08 IST" duration-ms="7464" status="PASS">
          <reporter-output>
          </reporter-output>
        </test-method> <!-- pagination -->
      </class> <!-- com.qa.selenium1.Testngframework.PaginationFlipkartMobiles -->
    </test> <!-- Default test -->
  </suite> <!-- Default suite -->
</testng-results>
